{"D:\\Projetos\\TS\\spotify-lovers\\api\\src\\playlist\\services\\find-playlist-ids-by-user-id.service.ts": {"path":"D:\\Projetos\\TS\\spotify-lovers\\api\\src\\playlist\\services\\find-playlist-ids-by-user-id.service.ts","statementMap":{"0":{"start":{"line":1,"column":0},"end":{"line":1,"column":44}},"1":{"start":{"line":4,"column":0},"end":{"line":4,"column":91}},"2":{"start":{"line":6,"column":0},"end":{"line":6,"column":26}},"3":{"start":{"line":9,"column":7},"end":{"line":42,"column":null}},"4":{"start":{"line":10,"column":2},"end":{"line":10,"column":44}},"5":{"start":{"line":14,"column":4},"end":{"line":14,"column":55}},"6":{"start":{"line":18,"column":26},"end":{"line":18,"column":64}},"7":{"start":{"line":19,"column":21},"end":{"line":23,"column":6}},"8":{"start":{"line":25,"column":46},"end":{"line":25,"column":59}},"9":{"start":{"line":26,"column":4},"end":{"line":26,"column":39}},"10":{"start":{"line":26,"column":29},"end":{"line":26,"column":39}},"11":{"start":{"line":28,"column":36},"end":{"line":29,"column":null}},"12":{"start":{"line":29,"column":16},"end":{"line":29,"column":32}},"13":{"start":{"line":32,"column":4},"end":{"line":38,"column":7}},"14":{"start":{"line":33,"column":6},"end":{"line":36,"column":8}},"15":{"start":{"line":37,"column":6},"end":{"line":37,"column":73}},"16":{"start":{"line":40,"column":4},"end":{"line":40,"column":25}},"17":{"start":{"line":9,"column":13},"end":{"line":42,"column":null}},"18":{"start":{"line":9,"column":13},"end":{"line":9,"column":43}}},"fnMap":{"0":{"name":"(anonymous_2)","decl":{"start":{"line":13,"column":2},"end":{"line":13,"column":14}},"loc":{"start":{"line":13,"column":58},"end":{"line":15,"column":3}}},"1":{"name":"(anonymous_3)","decl":{"start":{"line":17,"column":2},"end":{"line":17,"column":7}},"loc":{"start":{"line":17,"column":23},"end":{"line":41,"column":3}}},"2":{"name":"(anonymous_4)","decl":{"start":{"line":29,"column":6},"end":{"line":29,"column":7}},"loc":{"start":{"line":29,"column":16},"end":{"line":29,"column":32}}},"3":{"name":"(anonymous_5)","decl":{"start":{"line":32,"column":26},"end":{"line":32,"column":27}},"loc":{"start":{"line":32,"column":42},"end":{"line":38,"column":5}}}},"branchMap":{"0":{"loc":{"start":{"line":26,"column":4},"end":{"line":26,"column":39}},"type":"if","locations":[{"start":{"line":26,"column":4},"end":{"line":26,"column":39}}]}},"s":{"0":3,"1":3,"2":3,"3":3,"4":3,"5":3,"6":3,"7":3,"8":3,"9":3,"10":1,"11":2,"12":2,"13":2,"14":2,"15":2,"16":2,"17":3,"18":3},"f":{"0":3,"1":3,"2":2,"3":2},"b":{"0":[1]}}
,"D:\\Projetos\\TS\\spotify-lovers\\api\\src\\playlist\\services\\find-track-ids-by-playlist-ids.service.ts": {"path":"D:\\Projetos\\TS\\spotify-lovers\\api\\src\\playlist\\services\\find-track-ids-by-playlist-ids.service.ts","statementMap":{"0":{"start":{"line":1,"column":0},"end":{"line":1,"column":44}},"1":{"start":{"line":3,"column":0},"end":{"line":3,"column":26}},"2":{"start":{"line":5,"column":0},"end":{"line":5,"column":91}},"3":{"start":{"line":9,"column":7},"end":{"line":42,"column":null}},"4":{"start":{"line":12,"column":2},"end":{"line":12,"column":48}},"5":{"start":{"line":16,"column":4},"end":{"line":16,"column":55}},"6":{"start":{"line":19,"column":26},"end":{"line":19,"column":64}},"7":{"start":{"line":20,"column":21},"end":{"line":26,"column":6}},"8":{"start":{"line":21,"column":6},"end":{"line":25,"column":9}},"9":{"start":{"line":27,"column":22},"end":{"line":27,"column":49}},"10":{"start":{"line":29,"column":29},"end":{"line":29,"column":31}},"11":{"start":{"line":30,"column":4},"end":{"line":38,"column":7}},"12":{"start":{"line":31,"column":6},"end":{"line":37,"column":9}},"13":{"start":{"line":32,"column":33},"end":{"line":34,"column":null}},"14":{"start":{"line":36,"column":8},"end":{"line":36,"column":60}},"15":{"start":{"line":36,"column":30},"end":{"line":36,"column":60}},"16":{"start":{"line":40,"column":4},"end":{"line":40,"column":18}},"17":{"start":{"line":9,"column":13},"end":{"line":42,"column":null}},"18":{"start":{"line":9,"column":13},"end":{"line":9,"column":45}}},"fnMap":{"0":{"name":"(anonymous_2)","decl":{"start":{"line":15,"column":2},"end":{"line":15,"column":14}},"loc":{"start":{"line":15,"column":58},"end":{"line":17,"column":3}}},"1":{"name":"(anonymous_3)","decl":{"start":{"line":18,"column":2},"end":{"line":18,"column":7}},"loc":{"start":{"line":18,"column":34},"end":{"line":41,"column":3}}},"2":{"name":"(anonymous_4)","decl":{"start":{"line":20,"column":37},"end":{"line":20,"column":38}},"loc":{"start":{"line":20,"column":52},"end":{"line":26,"column":5}}},"3":{"name":"(anonymous_5)","decl":{"start":{"line":30,"column":22},"end":{"line":30,"column":23}},"loc":{"start":{"line":30,"column":35},"end":{"line":38,"column":5}}},"4":{"name":"(anonymous_6)","decl":{"start":{"line":31,"column":41},"end":{"line":31,"column":42}},"loc":{"start":{"line":31,"column":56},"end":{"line":37,"column":7}}}},"branchMap":{"0":{"loc":{"start":{"line":32,"column":33},"end":{"line":34,"column":null}},"type":"cond-expr","locations":[{"start":{"line":32,"column":43},"end":{"line":32,"column":45}},{"start":{"line":32,"column":43},"end":{"line":34,"column":null}}]},"1":{"loc":{"start":{"line":32,"column":33},"end":{"line":32,"column":45}},"type":"binary-expr","locations":[{"start":{"line":32,"column":33},"end":{"line":32,"column":45}},{"start":{"line":32,"column":43},"end":{"line":32,"column":45}}]},"2":{"loc":{"start":{"line":36,"column":8},"end":{"line":36,"column":60}},"type":"if","locations":[{"start":{"line":36,"column":8},"end":{"line":36,"column":60}}]}},"s":{"0":3,"1":3,"2":3,"3":3,"4":3,"5":3,"6":3,"7":3,"8":3,"9":3,"10":3,"11":3,"12":3,"13":2,"14":2,"15":2,"16":3,"17":3,"18":3},"f":{"0":3,"1":3,"2":3,"3":3,"4":2},"b":{"0":[0,2],"1":[2,2],"2":[2]}}
,"D:\\Projetos\\TS\\spotify-lovers\\api\\src\\profile\\profile.controller.ts": {"path":"D:\\Projetos\\TS\\spotify-lovers\\api\\src\\profile\\profile.controller.ts","statementMap":{"0":{"start":{"line":1,"column":0},"end":{"line":1,"column":49}},"1":{"start":{"line":2,"column":0},"end":{"line":2,"column":48}},"2":{"start":{"line":3,"column":0},"end":{"line":3,"column":64}},"3":{"start":{"line":5,"column":0},"end":{"line":5,"column":87}},"4":{"start":{"line":7,"column":0},"end":{"line":7,"column":69}},"5":{"start":{"line":10,"column":7},"end":{"line":35,"column":null}},"6":{"start":{"line":15,"column":21},"end":{"line":15,"column":35}},"7":{"start":{"line":17,"column":4},"end":{"line":17,"column":65}},"8":{"start":{"line":23,"column":25},"end":{"line":24,"column":null}},"9":{"start":{"line":26,"column":4},"end":{"line":26,"column":42}},"10":{"start":{"line":26,"column":22},"end":{"line":26,"column":42}},"11":{"start":{"line":27,"column":19},"end":{"line":31,"column":6}},"12":{"start":{"line":32,"column":4},"end":{"line":32,"column":76}},"13":{"start":{"line":33,"column":4},"end":{"line":33,"column":18}},"14":{"start":{"line":20,"column":8},"end":{"line":34,"column":null}},"15":{"start":{"line":10,"column":13},"end":{"line":35,"column":null}},"16":{"start":{"line":10,"column":13},"end":{"line":10,"column":30}}},"fnMap":{"0":{"name":"(anonymous_4)","decl":{"start":{"line":13,"column":2},"end":{"line":13,"column":null}},"loc":{"start":{"line":15,"column":47},"end":{"line":18,"column":3}}},"1":{"name":"(anonymous_5)","decl":{"start":{"line":20,"column":2},"end":{"line":20,"column":7}},"loc":{"start":{"line":21,"column":75},"end":{"line":34,"column":3}}}},"branchMap":{"0":{"loc":{"start":{"line":26,"column":4},"end":{"line":26,"column":42}},"type":"if","locations":[{"start":{"line":26,"column":4},"end":{"line":26,"column":42}}]}},"s":{"0":1,"1":1,"2":1,"3":1,"4":1,"5":1,"6":4,"7":4,"8":4,"9":4,"10":1,"11":3,"12":3,"13":3,"14":1,"15":1,"16":1},"f":{"0":4,"1":4},"b":{"0":[1]}}
,"D:\\Projetos\\TS\\spotify-lovers\\api\\src\\profile\\services\\compare-profiles-by-id.service.ts": {"path":"D:\\Projetos\\TS\\spotify-lovers\\api\\src\\profile\\services\\compare-profiles-by-id.service.ts","statementMap":{"0":{"start":{"line":1,"column":0},"end":{"line":1,"column":65}},"1":{"start":{"line":4,"column":0},"end":{"line":4,"column":110}},"2":{"start":{"line":6,"column":0},"end":{"line":6,"column":80}},"3":{"start":{"line":7,"column":0},"end":{"line":7,"column":114}},"4":{"start":{"line":10,"column":0},"end":{"line":10,"column":93}},"5":{"start":{"line":11,"column":0},"end":{"line":11,"column":95}},"6":{"start":{"line":14,"column":0},"end":{"line":14,"column":78}},"7":{"start":{"line":18,"column":7},"end":{"line":129,"column":null}},"8":{"start":{"line":32,"column":4},"end":{"line":32,"column":65}},"9":{"start":{"line":33,"column":4},"end":{"line":33,"column":77}},"10":{"start":{"line":34,"column":4},"end":{"line":34,"column":61}},"11":{"start":{"line":35,"column":4},"end":{"line":35,"column":63}},"12":{"start":{"line":36,"column":4},"end":{"line":36,"column":65}},"13":{"start":{"line":43,"column":4},"end":{"line":45,"column":null}},"14":{"start":{"line":44,"column":6},"end":{"line":44,"column":58}},"15":{"start":{"line":46,"column":56},"end":{"line":49,"column":6}},"16":{"start":{"line":50,"column":4},"end":{"line":52,"column":null}},"17":{"start":{"line":51,"column":6},"end":{"line":51,"column":67}},"18":{"start":{"line":53,"column":4},"end":{"line":55,"column":null}},"19":{"start":{"line":54,"column":6},"end":{"line":54,"column":68}},"20":{"start":{"line":58,"column":6},"end":{"line":61,"column":8}},"21":{"start":{"line":63,"column":58},"end":{"line":66,"column":6}},"22":{"start":{"line":68,"column":64},"end":{"line":71,"column":6}},"23":{"start":{"line":73,"column":23},"end":{"line":76,"column":null}},"24":{"start":{"line":75,"column":8},"end":{"line":75,"column":50}},"25":{"start":{"line":79,"column":40},"end":{"line":80,"column":null}},"26":{"start":{"line":80,"column":24},"end":{"line":80,"column":53}},"27":{"start":{"line":83,"column":41},"end":{"line":84,"column":null}},"28":{"start":{"line":84,"column":24},"end":{"line":84,"column":53}},"29":{"start":{"line":87,"column":28},"end":{"line":92,"column":17}},"30":{"start":{"line":95,"column":6},"end":{"line":97,"column":21}},"31":{"start":{"line":99,"column":6},"end":{"line":103,"column":null}},"32":{"start":{"line":106,"column":20},"end":{"line":106,"column":42}},"33":{"start":{"line":108,"column":38},"end":{"line":108,"column":40}},"34":{"start":{"line":109,"column":33},"end":{"line":109,"column":35}},"35":{"start":{"line":110,"column":4},"end":{"line":113,"column":null}},"36":{"start":{"line":111,"column":22},"end":{"line":111,"column":64}},"37":{"start":{"line":112,"column":6},"end":{"line":112,"column":41}},"38":{"start":{"line":114,"column":28},"end":{"line":114,"column":67}},"39":{"start":{"line":115,"column":4},"end":{"line":115,"column":37}},"40":{"start":{"line":117,"column":49},"end":{"line":125,"column":6}},"41":{"start":{"line":127,"column":4},"end":{"line":127,"column":29}},"42":{"start":{"line":18,"column":13},"end":{"line":129,"column":null}},"43":{"start":{"line":18,"column":13},"end":{"line":18,"column":39}},"44":{"start":{"line":132,"column":2},"end":{"line":134,"column":null}},"45":{"start":{"line":133,"column":4},"end":{"line":133,"column":33}},"46":{"start":{"line":135,"column":2},"end":{"line":137,"column":null}},"47":{"start":{"line":136,"column":4},"end":{"line":136,"column":30}},"48":{"start":{"line":138,"column":2},"end":{"line":140,"column":null}},"49":{"start":{"line":139,"column":4},"end":{"line":139,"column":29}},"50":{"start":{"line":141,"column":2},"end":{"line":141,"column":26}}},"fnMap":{"0":{"name":"(anonymous_2)","decl":{"start":{"line":25,"column":2},"end":{"line":25,"column":null}},"loc":{"start":{"line":30,"column":58},"end":{"line":37,"column":3}}},"1":{"name":"(anonymous_3)","decl":{"start":{"line":38,"column":2},"end":{"line":38,"column":7}},"loc":{"start":{"line":42,"column":22},"end":{"line":128,"column":3}}},"2":{"name":"(anonymous_4)","decl":{"start":{"line":74,"column":42},"end":{"line":74,"column":43}},"loc":{"start":{"line":75,"column":8},"end":{"line":75,"column":50}}},"3":{"name":"(anonymous_5)","decl":{"start":{"line":80,"column":6},"end":{"line":80,"column":7}},"loc":{"start":{"line":80,"column":24},"end":{"line":80,"column":53}}},"4":{"name":"(anonymous_6)","decl":{"start":{"line":84,"column":6},"end":{"line":84,"column":7}},"loc":{"start":{"line":84,"column":24},"end":{"line":84,"column":53}}},"5":{"name":"getVerdict","decl":{"start":{"line":131,"column":9},"end":{"line":131,"column":19}},"loc":{"start":{"line":131,"column":38},"end":{"line":142,"column":1}}}},"branchMap":{"0":{"loc":{"start":{"line":43,"column":4},"end":{"line":45,"column":null}},"type":"if","locations":[{"start":{"line":43,"column":4},"end":{"line":45,"column":null}}]},"1":{"loc":{"start":{"line":43,"column":8},"end":{"line":43,"column":39}},"type":"binary-expr","locations":[{"start":{"line":43,"column":8},"end":{"line":43,"column":21}},{"start":{"line":43,"column":25},"end":{"line":43,"column":39}}]},"2":{"loc":{"start":{"line":50,"column":4},"end":{"line":52,"column":null}},"type":"if","locations":[{"start":{"line":50,"column":4},"end":{"line":52,"column":null}}]},"3":{"loc":{"start":{"line":53,"column":4},"end":{"line":55,"column":null}},"type":"if","locations":[{"start":{"line":53,"column":4},"end":{"line":55,"column":null}}]},"4":{"loc":{"start":{"line":87,"column":28},"end":{"line":92,"column":17}},"type":"cond-expr","locations":[{"start":{"line":88,"column":8},"end":{"line":90,"column":null}},{"start":{"line":92,"column":8},"end":{"line":92,"column":17}}]},"5":{"loc":{"start":{"line":99,"column":6},"end":{"line":103,"column":null}},"type":"cond-expr","locations":[{"start":{"line":100,"column":10},"end":{"line":100,"column":11}},{"start":{"line":101,"column":10},"end":{"line":103,"column":null}}]},"6":{"loc":{"start":{"line":102,"column":33},"end":{"line":102,"column":61}},"type":"binary-expr","locations":[{"start":{"line":102,"column":33},"end":{"line":102,"column":56}},{"start":{"line":102,"column":60},"end":{"line":102,"column":61}}]},"7":{"loc":{"start":{"line":102,"column":33},"end":{"line":102,"column":56}},"type":"cond-expr","locations":[{"start":{"line":102,"column":48},"end":{"line":102,"column":50}},{"start":{"line":102,"column":33},"end":{"line":102,"column":56}}]},"8":{"loc":{"start":{"line":102,"column":33},"end":{"line":102,"column":50}},"type":"binary-expr","locations":[{"start":{"line":102,"column":33},"end":{"line":102,"column":50}},{"start":{"line":102,"column":33},"end":{"line":102,"column":50}}]},"9":{"loc":{"start":{"line":123,"column":28},"end":{"line":123,"column":51}},"type":"cond-expr","locations":[{"start":{"line":123,"column":43},"end":{"line":123,"column":45}},{"start":{"line":123,"column":28},"end":{"line":123,"column":51}}]},"10":{"loc":{"start":{"line":123,"column":28},"end":{"line":123,"column":45}},"type":"binary-expr","locations":[{"start":{"line":123,"column":28},"end":{"line":123,"column":45}},{"start":{"line":123,"column":28},"end":{"line":123,"column":45}}]},"11":{"loc":{"start":{"line":132,"column":2},"end":{"line":134,"column":null}},"type":"if","locations":[{"start":{"line":132,"column":2},"end":{"line":134,"column":null}}]},"12":{"loc":{"start":{"line":135,"column":2},"end":{"line":137,"column":null}},"type":"if","locations":[{"start":{"line":135,"column":2},"end":{"line":137,"column":null}}]},"13":{"loc":{"start":{"line":138,"column":2},"end":{"line":140,"column":null}},"type":"if","locations":[{"start":{"line":138,"column":2},"end":{"line":140,"column":null}}]}},"s":{"0":2,"1":2,"2":2,"3":2,"4":2,"5":2,"6":2,"7":2,"8":9,"9":9,"10":9,"11":9,"12":9,"13":9,"14":2,"15":7,"16":7,"17":1,"18":6,"19":1,"20":5,"21":5,"22":5,"23":5,"24":1,"25":5,"26":1,"27":5,"28":1,"29":5,"30":5,"31":5,"32":5,"33":5,"34":5,"35":5,"36":1,"37":1,"38":5,"39":5,"40":5,"41":5,"42":2,"43":2,"44":5,"45":0,"46":5,"47":1,"48":4,"49":0,"50":4},"f":{"0":9,"1":9,"2":1,"3":1,"4":1,"5":5},"b":{"0":[2],"1":[9,8],"2":[1],"3":[1],"4":[3,2],"5":[4,1],"6":[1,0],"7":[0,1],"8":[1,1],"9":[2,3],"10":[5,5],"11":[0],"12":[1],"13":[0]}}
,"D:\\Projetos\\TS\\spotify-lovers\\api\\src\\profile\\services\\validate-profile-by-id.service.ts": {"path":"D:\\Projetos\\TS\\spotify-lovers\\api\\src\\profile\\services\\validate-profile-by-id.service.ts","statementMap":{"0":{"start":{"line":1,"column":0},"end":{"line":1,"column":44}},"1":{"start":{"line":2,"column":0},"end":{"line":2,"column":26}},"2":{"start":{"line":3,"column":0},"end":{"line":3,"column":91}},"3":{"start":{"line":8,"column":7},"end":{"line":28,"column":null}},"4":{"start":{"line":9,"column":2},"end":{"line":9,"column":44}},"5":{"start":{"line":13,"column":4},"end":{"line":13,"column":55}},"6":{"start":{"line":16,"column":26},"end":{"line":16,"column":64}},"7":{"start":{"line":17,"column":4},"end":{"line":26,"column":null}},"8":{"start":{"line":18,"column":6},"end":{"line":22,"column":9}},"9":{"start":{"line":23,"column":6},"end":{"line":23,"column":18}},"10":{"start":{"line":25,"column":6},"end":{"line":25,"column":19}},"11":{"start":{"line":8,"column":13},"end":{"line":28,"column":null}},"12":{"start":{"line":8,"column":13},"end":{"line":8,"column":39}}},"fnMap":{"0":{"name":"(anonymous_2)","decl":{"start":{"line":12,"column":2},"end":{"line":12,"column":14}},"loc":{"start":{"line":12,"column":58},"end":{"line":14,"column":3}}},"1":{"name":"(anonymous_3)","decl":{"start":{"line":15,"column":2},"end":{"line":15,"column":7}},"loc":{"start":{"line":15,"column":27},"end":{"line":27,"column":3}}}},"branchMap":{},"s":{"0":3,"1":3,"2":3,"3":3,"4":3,"5":3,"6":3,"7":2,"8":2,"9":1,"10":1,"11":3,"12":3},"f":{"0":3,"1":3},"b":{}}
,"D:\\Projetos\\TS\\spotify-lovers\\api\\src\\tracks\\services\\find-minimized-track.service.ts": {"path":"D:\\Projetos\\TS\\spotify-lovers\\api\\src\\tracks\\services\\find-minimized-track.service.ts","statementMap":{"0":{"start":{"line":1,"column":0},"end":{"line":1,"column":44}},"1":{"start":{"line":2,"column":0},"end":{"line":2,"column":26}},"2":{"start":{"line":3,"column":0},"end":{"line":3,"column":91}},"3":{"start":{"line":10,"column":7},"end":{"line":38,"column":null}},"4":{"start":{"line":11,"column":2},"end":{"line":11,"column":45}},"5":{"start":{"line":15,"column":4},"end":{"line":15,"column":55}},"6":{"start":{"line":18,"column":26},"end":{"line":18,"column":64}},"7":{"start":{"line":19,"column":21},"end":{"line":23,"column":6}},"8":{"start":{"line":25,"column":37},"end":{"line":25,"column":50}},"9":{"start":{"line":26,"column":43},"end":{"line":34,"column":6}},"10":{"start":{"line":36,"column":4},"end":{"line":36,"column":26}},"11":{"start":{"line":10,"column":13},"end":{"line":38,"column":null}},"12":{"start":{"line":10,"column":13},"end":{"line":10,"column":38}}},"fnMap":{"0":{"name":"(anonymous_2)","decl":{"start":{"line":14,"column":2},"end":{"line":14,"column":14}},"loc":{"start":{"line":14,"column":58},"end":{"line":16,"column":3}}},"1":{"name":"(anonymous_3)","decl":{"start":{"line":17,"column":2},"end":{"line":17,"column":7}},"loc":{"start":{"line":17,"column":23},"end":{"line":37,"column":3}}}},"branchMap":{},"s":{"0":3,"1":3,"2":3,"3":3,"4":2,"5":2,"6":2,"7":2,"8":2,"9":2,"10":2,"11":3,"12":3},"f":{"0":2,"1":2},"b":{}}
,"D:\\Projetos\\TS\\spotify-lovers\\api\\src\\tracks\\services\\find-similar-tracks.service.ts": {"path":"D:\\Projetos\\TS\\spotify-lovers\\api\\src\\tracks\\services\\find-similar-tracks.service.ts","statementMap":{"0":{"start":{"line":1,"column":0},"end":{"line":1,"column":44}},"1":{"start":{"line":3,"column":0},"end":{"line":3,"column":26}},"2":{"start":{"line":4,"column":0},"end":{"line":4,"column":91}},"3":{"start":{"line":11,"column":7},"end":{"line":160,"column":null}},"4":{"start":{"line":12,"column":2},"end":{"line":12,"column":45}},"5":{"start":{"line":16,"column":4},"end":{"line":16,"column":55}},"6":{"start":{"line":22,"column":26},"end":{"line":22,"column":64}},"7":{"start":{"line":23,"column":52},"end":{"line":23,"column":54}},"8":{"start":{"line":25,"column":4},"end":{"line":27,"column":null}},"9":{"start":{"line":25,"column":17},"end":{"line":25,"column":18}},"10":{"start":{"line":26,"column":6},"end":{"line":26,"column":76}},"11":{"start":{"line":29,"column":35},"end":{"line":40,"column":6}},"12":{"start":{"line":31,"column":25},"end":{"line":35,"column":10}},"13":{"start":{"line":36,"column":8},"end":{"line":36,"column":55}},"14":{"start":{"line":39,"column":6},"end":{"line":39,"column":25}},"15":{"start":{"line":43,"column":6},"end":{"line":53,"column":8}},"16":{"start":{"line":44,"column":8},"end":{"line":52,"column":10}},"17":{"start":{"line":55,"column":37},"end":{"line":55,"column":68}},"18":{"start":{"line":56,"column":4},"end":{"line":67,"column":7}},"19":{"start":{"line":57,"column":6},"end":{"line":66,"column":null}},"20":{"start":{"line":58,"column":29},"end":{"line":58,"column":73}},"21":{"start":{"line":59,"column":8},"end":{"line":59,"column":40}},"22":{"start":{"line":60,"column":8},"end":{"line":60,"column":67}},"23":{"start":{"line":62,"column":8},"end":{"line":65,"column":11}},"24":{"start":{"line":69,"column":53},"end":{"line":69,"column":55}},"25":{"start":{"line":71,"column":4},"end":{"line":73,"column":null}},"26":{"start":{"line":71,"column":17},"end":{"line":71,"column":18}},"27":{"start":{"line":72,"column":6},"end":{"line":72,"column":78}},"28":{"start":{"line":75,"column":36},"end":{"line":86,"column":6}},"29":{"start":{"line":77,"column":25},"end":{"line":81,"column":10}},"30":{"start":{"line":82,"column":8},"end":{"line":82,"column":55}},"31":{"start":{"line":85,"column":6},"end":{"line":85,"column":25}},"32":{"start":{"line":89,"column":6},"end":{"line":99,"column":8}},"33":{"start":{"line":90,"column":8},"end":{"line":98,"column":10}},"34":{"start":{"line":101,"column":38},"end":{"line":101,"column":69}},"35":{"start":{"line":102,"column":4},"end":{"line":113,"column":7}},"36":{"start":{"line":103,"column":6},"end":{"line":112,"column":null}},"37":{"start":{"line":104,"column":29},"end":{"line":104,"column":74}},"38":{"start":{"line":105,"column":8},"end":{"line":105,"column":40}},"39":{"start":{"line":106,"column":8},"end":{"line":106,"column":68}},"40":{"start":{"line":108,"column":8},"end":{"line":111,"column":11}},"41":{"start":{"line":115,"column":44},"end":{"line":115,"column":46}},"42":{"start":{"line":117,"column":6},"end":{"line":119,"column":35}},"43":{"start":{"line":122,"column":6},"end":{"line":124,"column":35}},"44":{"start":{"line":126,"column":4},"end":{"line":142,"column":7}},"45":{"start":{"line":127,"column":6},"end":{"line":141,"column":null}},"46":{"start":{"line":128,"column":41},"end":{"line":128,"column":60}},"47":{"start":{"line":129,"column":42},"end":{"line":131,"column":16}},"48":{"start":{"line":132,"column":8},"end":{"line":140,"column":11}},"49":{"start":{"line":133,"column":10},"end":{"line":139,"column":13}},"50":{"start":{"line":134,"column":12},"end":{"line":138,"column":47}},"51":{"start":{"line":135,"column":14},"end":{"line":138,"column":47}},"52":{"start":{"line":136,"column":47},"end":{"line":136,"column":77}},"53":{"start":{"line":138,"column":16},"end":{"line":138,"column":47}},"54":{"start":{"line":144,"column":4},"end":{"line":144,"column":25}},"55":{"start":{"line":151,"column":16},"end":{"line":151,"column":17}},"56":{"start":{"line":152,"column":4},"end":{"line":152,"column":58}},"57":{"start":{"line":152,"column":50},"end":{"line":152,"column":58}},"58":{"start":{"line":153,"column":4},"end":{"line":153,"column":56}},"59":{"start":{"line":153,"column":48},"end":{"line":153,"column":56}},"60":{"start":{"line":154,"column":4},"end":{"line":154,"column":56}},"61":{"start":{"line":154,"column":48},"end":{"line":154,"column":56}},"62":{"start":{"line":155,"column":4},"end":{"line":155,"column":68}},"63":{"start":{"line":155,"column":60},"end":{"line":155,"column":68}},"64":{"start":{"line":156,"column":4},"end":{"line":156,"column":58}},"65":{"start":{"line":156,"column":50},"end":{"line":156,"column":58}},"66":{"start":{"line":157,"column":4},"end":{"line":157,"column":32}},"67":{"start":{"line":157,"column":20},"end":{"line":157,"column":32}},"68":{"start":{"line":158,"column":4},"end":{"line":158,"column":17}},"69":{"start":{"line":11,"column":13},"end":{"line":160,"column":null}},"70":{"start":{"line":11,"column":13},"end":{"line":11,"column":37}}},"fnMap":{"0":{"name":"(anonymous_2)","decl":{"start":{"line":15,"column":2},"end":{"line":15,"column":14}},"loc":{"start":{"line":15,"column":58},"end":{"line":17,"column":3}}},"1":{"name":"(anonymous_3)","decl":{"start":{"line":18,"column":2},"end":{"line":18,"column":7}},"loc":{"start":{"line":20,"column":33},"end":{"line":145,"column":3}}},"2":{"name":"(anonymous_4)","decl":{"start":{"line":30,"column":38},"end":{"line":30,"column":43}},"loc":{"start":{"line":30,"column":54},"end":{"line":37,"column":7}}},"3":{"name":"(anonymous_5)","decl":{"start":{"line":38,"column":11},"end":{"line":38,"column":12}},"loc":{"start":{"line":38,"column":20},"end":{"line":40,"column":5}}},"4":{"name":"(anonymous_6)","decl":{"start":{"line":43,"column":33},"end":{"line":43,"column":34}},"loc":{"start":{"line":43,"column":43},"end":{"line":53,"column":7}}},"5":{"name":"(anonymous_7)","decl":{"start":{"line":56,"column":40},"end":{"line":56,"column":41}},"loc":{"start":{"line":56,"column":50},"end":{"line":67,"column":5}}},"6":{"name":"(anonymous_8)","decl":{"start":{"line":76,"column":39},"end":{"line":76,"column":44}},"loc":{"start":{"line":76,"column":55},"end":{"line":83,"column":7}}},"7":{"name":"(anonymous_9)","decl":{"start":{"line":84,"column":11},"end":{"line":84,"column":12}},"loc":{"start":{"line":84,"column":20},"end":{"line":86,"column":5}}},"8":{"name":"(anonymous_10)","decl":{"start":{"line":89,"column":34},"end":{"line":89,"column":35}},"loc":{"start":{"line":89,"column":44},"end":{"line":99,"column":7}}},"9":{"name":"(anonymous_11)","decl":{"start":{"line":102,"column":41},"end":{"line":102,"column":42}},"loc":{"start":{"line":102,"column":51},"end":{"line":113,"column":5}}},"10":{"name":"(anonymous_12)","decl":{"start":{"line":126,"column":25},"end":{"line":126,"column":26}},"loc":{"start":{"line":126,"column":42},"end":{"line":142,"column":5}}},"11":{"name":"(anonymous_13)","decl":{"start":{"line":132,"column":41},"end":{"line":132,"column":42}},"loc":{"start":{"line":132,"column":56},"end":{"line":140,"column":9}}},"12":{"name":"(anonymous_14)","decl":{"start":{"line":133,"column":44},"end":{"line":133,"column":45}},"loc":{"start":{"line":133,"column":60},"end":{"line":139,"column":11}}},"13":{"name":"(anonymous_15)","decl":{"start":{"line":136,"column":36},"end":{"line":136,"column":37}},"loc":{"start":{"line":136,"column":47},"end":{"line":136,"column":77}}},"14":{"name":"(anonymous_16)","decl":{"start":{"line":147,"column":2},"end":{"line":147,"column":15}},"loc":{"start":{"line":149,"column":31},"end":{"line":159,"column":3}}}},"branchMap":{"0":{"loc":{"start":{"line":45,"column":20},"end":{"line":45,"column":40}},"type":"cond-expr","locations":[{"start":{"line":45,"column":36},"end":{"line":45,"column":38}},{"start":{"line":45,"column":36},"end":{"line":45,"column":40}}]},"1":{"loc":{"start":{"line":45,"column":20},"end":{"line":45,"column":38}},"type":"binary-expr","locations":[{"start":{"line":45,"column":20},"end":{"line":45,"column":38}},{"start":{"line":45,"column":36},"end":{"line":45,"column":38}}]},"2":{"loc":{"start":{"line":46,"column":18},"end":{"line":46,"column":40}},"type":"cond-expr","locations":[{"start":{"line":46,"column":34},"end":{"line":46,"column":36}},{"start":{"line":46,"column":34},"end":{"line":46,"column":40}}]},"3":{"loc":{"start":{"line":46,"column":18},"end":{"line":46,"column":36}},"type":"binary-expr","locations":[{"start":{"line":46,"column":18},"end":{"line":46,"column":36}},{"start":{"line":46,"column":34},"end":{"line":46,"column":36}}]},"4":{"loc":{"start":{"line":57,"column":6},"end":{"line":66,"column":null}},"type":"if","locations":[{"start":{"line":57,"column":6},"end":{"line":66,"column":null}},{"start":{"line":61,"column":13},"end":{"line":66,"column":null}}]},"5":{"loc":{"start":{"line":91,"column":20},"end":{"line":91,"column":40}},"type":"cond-expr","locations":[{"start":{"line":91,"column":36},"end":{"line":91,"column":38}},{"start":{"line":91,"column":36},"end":{"line":91,"column":40}}]},"6":{"loc":{"start":{"line":91,"column":20},"end":{"line":91,"column":38}},"type":"binary-expr","locations":[{"start":{"line":91,"column":20},"end":{"line":91,"column":38}},{"start":{"line":91,"column":36},"end":{"line":91,"column":38}}]},"7":{"loc":{"start":{"line":92,"column":18},"end":{"line":92,"column":40}},"type":"cond-expr","locations":[{"start":{"line":92,"column":34},"end":{"line":92,"column":36}},{"start":{"line":92,"column":34},"end":{"line":92,"column":40}}]},"8":{"loc":{"start":{"line":92,"column":18},"end":{"line":92,"column":36}},"type":"binary-expr","locations":[{"start":{"line":92,"column":18},"end":{"line":92,"column":36}},{"start":{"line":92,"column":34},"end":{"line":92,"column":36}}]},"9":{"loc":{"start":{"line":103,"column":6},"end":{"line":112,"column":null}},"type":"if","locations":[{"start":{"line":103,"column":6},"end":{"line":112,"column":null}},{"start":{"line":107,"column":13},"end":{"line":112,"column":null}}]},"10":{"loc":{"start":{"line":117,"column":6},"end":{"line":119,"column":35}},"type":"cond-expr","locations":[{"start":{"line":118,"column":10},"end":{"line":118,"column":34}},{"start":{"line":119,"column":10},"end":{"line":119,"column":35}}]},"11":{"loc":{"start":{"line":122,"column":6},"end":{"line":124,"column":35}},"type":"cond-expr","locations":[{"start":{"line":123,"column":10},"end":{"line":123,"column":34}},{"start":{"line":124,"column":10},"end":{"line":124,"column":35}}]},"12":{"loc":{"start":{"line":127,"column":6},"end":{"line":141,"column":null}},"type":"if","locations":[{"start":{"line":127,"column":6},"end":{"line":141,"column":null}}]},"13":{"loc":{"start":{"line":134,"column":12},"end":{"line":138,"column":47}},"type":"if","locations":[{"start":{"line":134,"column":12},"end":{"line":138,"column":47}}]},"14":{"loc":{"start":{"line":135,"column":14},"end":{"line":138,"column":47}},"type":"if","locations":[{"start":{"line":135,"column":14},"end":{"line":138,"column":47}}]},"15":{"loc":{"start":{"line":152,"column":4},"end":{"line":152,"column":58}},"type":"if","locations":[{"start":{"line":152,"column":4},"end":{"line":152,"column":58}}]},"16":{"loc":{"start":{"line":153,"column":4},"end":{"line":153,"column":56}},"type":"if","locations":[{"start":{"line":153,"column":4},"end":{"line":153,"column":56}}]},"17":{"loc":{"start":{"line":154,"column":4},"end":{"line":154,"column":56}},"type":"if","locations":[{"start":{"line":154,"column":4},"end":{"line":154,"column":56}}]},"18":{"loc":{"start":{"line":155,"column":4},"end":{"line":155,"column":68}},"type":"if","locations":[{"start":{"line":155,"column":4},"end":{"line":155,"column":68}}]},"19":{"loc":{"start":{"line":156,"column":4},"end":{"line":156,"column":58}},"type":"if","locations":[{"start":{"line":156,"column":4},"end":{"line":156,"column":58}}]},"20":{"loc":{"start":{"line":157,"column":4},"end":{"line":157,"column":32}},"type":"if","locations":[{"start":{"line":157,"column":4},"end":{"line":157,"column":32}}]}},"s":{"0":3,"1":3,"2":3,"3":3,"4":2,"5":2,"6":2,"7":2,"8":2,"9":2,"10":1,"11":2,"12":1,"13":1,"14":2,"15":2,"16":1,"17":2,"18":2,"19":1,"20":0,"21":0,"22":0,"23":1,"24":2,"25":2,"26":2,"27":1,"28":2,"29":1,"30":1,"31":2,"32":2,"33":1,"34":2,"35":2,"36":1,"37":0,"38":0,"39":0,"40":1,"41":2,"42":2,"43":2,"44":2,"45":1,"46":1,"47":1,"48":1,"49":1,"50":1,"51":1,"52":0,"53":1,"54":2,"55":1,"56":1,"57":1,"58":1,"59":1,"60":1,"61":1,"62":1,"63":1,"64":1,"65":1,"66":1,"67":1,"68":0,"69":3,"70":3},"f":{"0":2,"1":2,"2":1,"3":2,"4":1,"5":1,"6":1,"7":2,"8":1,"9":1,"10":1,"11":1,"12":1,"13":0,"14":1},"b":{"0":[0,1],"1":[1,1],"2":[0,1],"3":[1,1],"4":[0,1],"5":[0,1],"6":[1,1],"7":[0,1],"8":[1,1],"9":[0,1],"10":[0,2],"11":[0,2],"12":[1],"13":[1],"14":[1],"15":[1],"16":[1],"17":[1],"18":[1],"19":[1],"20":[1]}}
,"D:\\Projetos\\TS\\spotify-lovers\\api\\src\\utils\\auth\\services\\get-access-token.service.ts": {"path":"D:\\Projetos\\TS\\spotify-lovers\\api\\src\\utils\\auth\\services\\get-access-token.service.ts","statementMap":{"0":{"start":{"line":1,"column":0},"end":{"line":1,"column":26}},"1":{"start":{"line":6,"column":2},"end":{"line":6,"column":51}},"2":{"start":{"line":7,"column":2},"end":{"line":7,"column":43}},"3":{"start":{"line":10,"column":21},"end":{"line":20,"column":null}},"4":{"start":{"line":22,"column":35},"end":{"line":22,"column":48}},"5":{"start":{"line":23,"column":4},"end":{"line":23,"column":41}},"6":{"start":{"line":5,"column":0},"end":{"line":5,"column":13}}},"fnMap":{"0":{"name":"(anonymous_0)","decl":{"start":{"line":5,"column":0},"end":{"line":5,"column":13}},"loc":{"start":{"line":5,"column":0},"end":{"line":25,"column":1}}},"1":{"name":"(anonymous_1)","decl":{"start":{"line":9,"column":2},"end":{"line":9,"column":7}},"loc":{"start":{"line":9,"column":11},"end":{"line":24,"column":3}}}},"branchMap":{},"s":{"0":8,"1":1,"2":1,"3":1,"4":1,"5":1,"6":8},"f":{"0":1,"1":1},"b":{}}
,"D:\\Projetos\\TS\\spotify-lovers\\api\\src\\utils\\cache\\services\\cache.service.ts": {"path":"D:\\Projetos\\TS\\spotify-lovers\\api\\src\\utils\\cache\\services\\cache.service.ts","statementMap":{"0":{"start":{"line":1,"column":0},"end":{"line":1,"column":38}},"1":{"start":{"line":2,"column":0},"end":{"line":2,"column":81}},"2":{"start":{"line":4,"column":0},"end":{"line":4,"column":55}},"3":{"start":{"line":7,"column":7},"end":{"line":29,"column":null}},"4":{"start":{"line":11,"column":4},"end":{"line":11,"column":37}},"5":{"start":{"line":15,"column":4},"end":{"line":15,"column":44}},"6":{"start":{"line":19,"column":4},"end":{"line":19,"column":44}},"7":{"start":{"line":23,"column":4},"end":{"line":23,"column":37}},"8":{"start":{"line":27,"column":4},"end":{"line":27,"column":36}},"9":{"start":{"line":7,"column":13},"end":{"line":29,"column":null}},"10":{"start":{"line":7,"column":13},"end":{"line":7,"column":25}}},"fnMap":{"0":{"name":"(anonymous_4)","decl":{"start":{"line":10,"column":2},"end":{"line":10,"column":15}},"loc":{"start":{"line":10,"column":56},"end":{"line":12,"column":3}}},"1":{"name":"(anonymous_5)","decl":{"start":{"line":14,"column":2},"end":{"line":14,"column":7}},"loc":{"start":{"line":14,"column":23},"end":{"line":16,"column":3}}},"2":{"name":"(anonymous_6)","decl":{"start":{"line":18,"column":2},"end":{"line":18,"column":7}},"loc":{"start":{"line":18,"column":35},"end":{"line":20,"column":3}}},"3":{"name":"(anonymous_7)","decl":{"start":{"line":22,"column":2},"end":{"line":22,"column":7}},"loc":{"start":{"line":22,"column":23},"end":{"line":24,"column":3}}},"4":{"name":"(anonymous_8)","decl":{"start":{"line":26,"column":2},"end":{"line":26,"column":7}},"loc":{"start":{"line":26,"column":13},"end":{"line":28,"column":3}}}},"branchMap":{"0":{"loc":{"start":{"line":10,"column":51},"end":{"line":10,"column":null}},"type":"cond-expr","locations":[{"start":{"line":10,"column":56},"end":{"line":10,"column":null}},{"start":{"line":10,"column":56},"end":{"line":10,"column":null}}]},"1":{"loc":{"start":{"line":10,"column":51},"end":{"line":10,"column":56}},"type":"binary-expr","locations":[{"start":{"line":10,"column":51},"end":{"line":10,"column":null}},{"start":{"line":10,"column":51},"end":{"line":10,"column":56}}]}},"s":{"0":2,"1":2,"2":2,"3":2,"4":4,"5":1,"6":1,"7":1,"8":1,"9":2,"10":2},"f":{"0":4,"1":1,"2":1,"3":1,"4":1},"b":{"0":[0,2],"1":[2,0]}}
}
