TN:
SF:src\playlist\services\find-playlist-ids-by-user-id.service.ts
FN:13,(anonymous_2)
FN:17,(anonymous_3)
FN:29,(anonymous_4)
FN:32,(anonymous_5)
FNF:4
FNH:4
FNDA:3,(anonymous_2)
FNDA:3,(anonymous_3)
FNDA:2,(anonymous_4)
FNDA:2,(anonymous_5)
DA:1,3
DA:4,3
DA:6,3
DA:9,3
DA:10,3
DA:14,3
DA:18,3
DA:19,3
DA:25,3
DA:26,3
DA:28,2
DA:29,2
DA:32,2
DA:33,2
DA:37,2
DA:40,2
LF:16
LH:16
BRDA:26,0,0,1
BRF:1
BRH:1
end_of_record
TN:
SF:src\playlist\services\find-track-ids-by-playlist-ids.service.ts
FN:15,(anonymous_2)
FN:18,(anonymous_3)
FN:20,(anonymous_4)
FN:30,(anonymous_5)
FN:31,(anonymous_6)
FNF:5
FNH:5
FNDA:3,(anonymous_2)
FNDA:3,(anonymous_3)
FNDA:3,(anonymous_4)
FNDA:3,(anonymous_5)
FNDA:2,(anonymous_6)
DA:1,3
DA:3,3
DA:5,3
DA:9,3
DA:12,3
DA:16,3
DA:19,3
DA:20,3
DA:21,3
DA:27,3
DA:29,3
DA:30,3
DA:31,3
DA:32,2
DA:36,2
DA:40,3
LF:16
LH:16
BRDA:32,0,0,0
BRDA:32,0,1,2
BRDA:32,1,0,2
BRDA:32,1,1,2
BRDA:36,2,0,2
BRF:5
BRH:4
end_of_record
TN:
SF:src\profile\profile.controller.ts
FN:13,(anonymous_4)
FN:20,(anonymous_5)
FNF:2
FNH:2
FNDA:4,(anonymous_4)
FNDA:4,(anonymous_5)
DA:1,1
DA:2,1
DA:3,1
DA:5,1
DA:7,1
DA:10,1
DA:15,4
DA:17,4
DA:20,1
DA:23,4
DA:26,4
DA:27,3
DA:32,3
DA:33,3
LF:14
LH:14
BRDA:26,0,0,1
BRF:1
BRH:1
end_of_record
TN:
SF:src\profile\services\compare-profiles-by-id.service.ts
FN:25,(anonymous_2)
FN:38,(anonymous_3)
FN:74,(anonymous_4)
FN:80,(anonymous_5)
FN:84,(anonymous_6)
FN:131,getVerdict
FNF:6
FNH:6
FNDA:9,(anonymous_2)
FNDA:9,(anonymous_3)
FNDA:1,(anonymous_4)
FNDA:1,(anonymous_5)
FNDA:1,(anonymous_6)
FNDA:5,getVerdict
DA:1,2
DA:4,2
DA:6,2
DA:7,2
DA:10,2
DA:11,2
DA:14,2
DA:18,2
DA:32,9
DA:33,9
DA:34,9
DA:35,9
DA:36,9
DA:43,9
DA:44,2
DA:46,7
DA:50,7
DA:51,1
DA:53,6
DA:54,1
DA:58,5
DA:63,5
DA:68,5
DA:73,5
DA:75,1
DA:79,5
DA:80,1
DA:83,5
DA:84,1
DA:87,5
DA:95,5
DA:99,5
DA:106,5
DA:108,5
DA:109,5
DA:110,5
DA:111,1
DA:112,1
DA:114,5
DA:115,5
DA:117,5
DA:127,5
DA:132,5
DA:133,0
DA:135,5
DA:136,1
DA:138,4
DA:139,0
DA:141,4
LF:49
LH:47
BRDA:43,0,0,2
BRDA:43,1,0,9
BRDA:43,1,1,8
BRDA:50,2,0,1
BRDA:53,3,0,1
BRDA:87,4,0,3
BRDA:87,4,1,2
BRDA:99,5,0,4
BRDA:99,5,1,1
BRDA:102,6,0,1
BRDA:102,6,1,0
BRDA:102,7,0,0
BRDA:102,7,1,1
BRDA:102,8,0,1
BRDA:102,8,1,1
BRDA:123,9,0,2
BRDA:123,9,1,3
BRDA:123,10,0,5
BRDA:123,10,1,5
BRDA:132,11,0,0
BRDA:135,12,0,1
BRDA:138,13,0,0
BRF:22
BRH:18
end_of_record
TN:
SF:src\profile\services\validate-profile-by-id.service.ts
FN:12,(anonymous_2)
FN:15,(anonymous_3)
FNF:2
FNH:2
FNDA:3,(anonymous_2)
FNDA:3,(anonymous_3)
DA:1,3
DA:2,3
DA:3,3
DA:8,3
DA:9,3
DA:13,3
DA:16,3
DA:17,2
DA:18,2
DA:23,1
DA:25,1
LF:11
LH:11
BRF:0
BRH:0
end_of_record
TN:
SF:src\tracks\services\find-minimized-track.service.ts
FN:14,(anonymous_2)
FN:17,(anonymous_3)
FNF:2
FNH:2
FNDA:2,(anonymous_2)
FNDA:2,(anonymous_3)
DA:1,3
DA:2,3
DA:3,3
DA:10,3
DA:11,2
DA:15,2
DA:18,2
DA:19,2
DA:25,2
DA:26,2
DA:36,2
LF:11
LH:11
BRF:0
BRH:0
end_of_record
TN:
SF:src\tracks\services\find-similar-tracks.service.ts
FN:15,(anonymous_2)
FN:18,(anonymous_3)
FN:30,(anonymous_4)
FN:38,(anonymous_5)
FN:43,(anonymous_6)
FN:56,(anonymous_7)
FN:76,(anonymous_8)
FN:84,(anonymous_9)
FN:89,(anonymous_10)
FN:102,(anonymous_11)
FN:126,(anonymous_12)
FN:132,(anonymous_13)
FN:133,(anonymous_14)
FN:136,(anonymous_15)
FN:147,(anonymous_16)
FNF:15
FNH:14
FNDA:2,(anonymous_2)
FNDA:2,(anonymous_3)
FNDA:1,(anonymous_4)
FNDA:2,(anonymous_5)
FNDA:1,(anonymous_6)
FNDA:1,(anonymous_7)
FNDA:1,(anonymous_8)
FNDA:2,(anonymous_9)
FNDA:1,(anonymous_10)
FNDA:1,(anonymous_11)
FNDA:1,(anonymous_12)
FNDA:1,(anonymous_13)
FNDA:1,(anonymous_14)
FNDA:0,(anonymous_15)
FNDA:1,(anonymous_16)
DA:1,3
DA:3,3
DA:4,3
DA:11,3
DA:12,2
DA:16,2
DA:22,2
DA:23,2
DA:25,2
DA:26,1
DA:29,2
DA:31,1
DA:36,1
DA:39,2
DA:43,2
DA:44,1
DA:55,2
DA:56,2
DA:57,1
DA:58,0
DA:59,0
DA:60,0
DA:62,1
DA:69,2
DA:71,2
DA:72,1
DA:75,2
DA:77,1
DA:82,1
DA:85,2
DA:89,2
DA:90,1
DA:101,2
DA:102,2
DA:103,1
DA:104,0
DA:105,0
DA:106,0
DA:108,1
DA:115,2
DA:117,2
DA:122,2
DA:126,2
DA:127,1
DA:128,1
DA:129,1
DA:132,1
DA:133,1
DA:134,1
DA:135,1
DA:136,0
DA:138,1
DA:144,2
DA:151,1
DA:152,1
DA:153,1
DA:154,1
DA:155,1
DA:156,1
DA:157,1
DA:158,0
LF:61
LH:53
BRDA:45,0,0,0
BRDA:45,0,1,1
BRDA:45,1,0,1
BRDA:45,1,1,1
BRDA:46,2,0,0
BRDA:46,2,1,1
BRDA:46,3,0,1
BRDA:46,3,1,1
BRDA:57,4,0,0
BRDA:57,4,1,1
BRDA:91,5,0,0
BRDA:91,5,1,1
BRDA:91,6,0,1
BRDA:91,6,1,1
BRDA:92,7,0,0
BRDA:92,7,1,1
BRDA:92,8,0,1
BRDA:92,8,1,1
BRDA:103,9,0,0
BRDA:103,9,1,1
BRDA:117,10,0,0
BRDA:117,10,1,2
BRDA:122,11,0,0
BRDA:122,11,1,2
BRDA:127,12,0,1
BRDA:134,13,0,1
BRDA:135,14,0,1
BRDA:152,15,0,1
BRDA:153,16,0,1
BRDA:154,17,0,1
BRDA:155,18,0,1
BRDA:156,19,0,1
BRDA:157,20,0,1
BRF:33
BRH:25
end_of_record
TN:
SF:src\utils\auth\services\get-access-token.service.ts
FN:5,(anonymous_0)
FN:9,(anonymous_1)
FNF:2
FNH:2
FNDA:1,(anonymous_0)
FNDA:1,(anonymous_1)
DA:1,8
DA:5,8
DA:6,1
DA:7,1
DA:10,1
DA:22,1
DA:23,1
LF:7
LH:7
BRF:0
BRH:0
end_of_record
TN:
SF:src\utils\cache\services\cache.service.ts
FN:10,(anonymous_4)
FN:14,(anonymous_5)
FN:18,(anonymous_6)
FN:22,(anonymous_7)
FN:26,(anonymous_8)
FNF:5
FNH:5
FNDA:4,(anonymous_4)
FNDA:1,(anonymous_5)
FNDA:1,(anonymous_6)
FNDA:1,(anonymous_7)
FNDA:1,(anonymous_8)
DA:1,2
DA:2,2
DA:4,2
DA:7,2
DA:11,4
DA:15,1
DA:19,1
DA:23,1
DA:27,1
LF:9
LH:9
BRDA:10,0,0,0
BRDA:10,0,1,2
BRDA:10,1,0,2
BRDA:10,1,1,0
BRF:4
BRH:2
end_of_record
